{"uuid":"017d3f44-f728-487f-835d-56751b036bca","historyId":"3b6e3448d9a8cc7b06b79df2e97b7f87","testCaseId":"[engine:junit-vintage]/[runner:cucumberOptions.TestRunner]/[test:rO0ABXNyAClpby5jdWN1bWJlci5qdW5pdC5GZWF0dXJlUnVubmVyJEZlYXR1cmVJZAAAAAAAAAABAgABTAADdXJpdAAOTGphdmEvbmV0L1VSSTt4cHNyAAxqYXZhLm5ldC5VUkmsAXguQ55JqwMAAUwABnN0cmluZ3QAEkxqYXZhL2xhbmcvU3RyaW5nO3hwdABsZmlsZTovLy9Vc2Vycy9NQUM5MTg2MjAvRG9jdW1lbnRzL0ZEL0FwYXIvQXBhclRlY2gvc3JjL3Rlc3QvamF2YS9mZWF0dXJlRmlsZXMvUHJvZHVjdFByaWNlQ29tcGFyaXNvbi5mZWF0dXJleA==]/[test:rO0ABXNyAChpby5jdWN1bWJlci5qdW5pdC5QaWNrbGVSdW5uZXJzJFBpY2tsZUlkAAAAAAAAAAECAAJJAApwaWNrbGVMaW5lTAADdXJpdAAOTGphdmEvbmV0L1VSSTt4cAAAAARzcgAMamF2YS5uZXQuVVJJrAF4LkOeSasDAAFMAAZzdHJpbmd0ABJMamF2YS9sYW5nL1N0cmluZzt4cHQAbGZpbGU6Ly8vVXNlcnMvTUFDOTE4NjIwL0RvY3VtZW50cy9GRC9BcGFyL0FwYXJUZWNoL3NyYy90ZXN0L2phdmEvZmVhdHVyZUZpbGVzL1Byb2R1Y3RQcmljZUNvbXBhcmlzb24uZmVhdHVyZXg=]","testCaseName":"Comparison of product price","labels":[{"name":"junit.platform.uniqueid","value":"[engine:junit-vintage]/[runner:cucumberOptions.TestRunner]/[test:rO0ABXNyAClpby5jdWN1bWJlci5qdW5pdC5GZWF0dXJlUnVubmVyJEZlYXR1cmVJZAAAAAAAAAABAgABTAADdXJpdAAOTGphdmEvbmV0L1VSSTt4cHNyAAxqYXZhLm5ldC5VUkmsAXguQ55JqwMAAUwABnN0cmluZ3QAEkxqYXZhL2xhbmcvU3RyaW5nO3hwdABsZmlsZTovLy9Vc2Vycy9NQUM5MTg2MjAvRG9jdW1lbnRzL0ZEL0FwYXIvQXBhclRlY2gvc3JjL3Rlc3QvamF2YS9mZWF0dXJlRmlsZXMvUHJvZHVjdFByaWNlQ29tcGFyaXNvbi5mZWF0dXJleA==]/[test:rO0ABXNyAChpby5jdWN1bWJlci5qdW5pdC5QaWNrbGVSdW5uZXJzJFBpY2tsZUlkAAAAAAAAAAECAAJJAApwaWNrbGVMaW5lTAADdXJpdAAOTGphdmEvbmV0L1VSSTt4cAAAAARzcgAMamF2YS5uZXQuVVJJrAF4LkOeSasDAAFMAAZzdHJpbmd0ABJMamF2YS9sYW5nL1N0cmluZzt4cHQAbGZpbGU6Ly8vVXNlcnMvTUFDOTE4NjIwL0RvY3VtZW50cy9GRC9BcGFyL0FwYXJUZWNoL3NyYy90ZXN0L2phdmEvZmVhdHVyZUZpbGVzL1Byb2R1Y3RQcmljZUNvbXBhcmlzb24uZmVhdHVyZXg=]"},{"name":"host","value":"MAC918620s-MBP"},{"name":"thread","value":"53869@MAC918620s-MBP.main(1)"},{"name":"framework","value":"junit-platform"},{"name":"language","value":"java"}],"links":[],"name":"Comparison of product price","status":"failed","statusDetails":{"known":false,"muted":false,"flaky":false,"message":"Multiple Failures (2 failures)\n\tjava.lang.IllegalStateException: The driver executable must exist: /Users/MAC918620/Documents/FD/Apar/AparTech/chromedriver.exe\n\tjava.lang.NullPointerException: <no message>","trace":"org.opentest4j.MultipleFailuresError: Multiple Failures (2 failures)\n\tjava.lang.IllegalStateException: The driver executable must exist: /Users/MAC918620/Documents/FD/Apar/AparTech/chromedriver.exe\n\tjava.lang.NullPointerException: <no message>\n\tat org.junit.vintage.engine.execution.TestRun.getStoredResultOrSuccessful(TestRun.java:200)\n\tat org.junit.vintage.engine.execution.RunListenerAdapter.fireExecutionFinished(RunListenerAdapter.java:248)\n\tat org.junit.vintage.engine.execution.RunListenerAdapter.testFinished(RunListenerAdapter.java:214)\n\tat org.junit.vintage.engine.execution.RunListenerAdapter.testFinished(RunListenerAdapter.java:88)\n\tat org.junit.runner.notification.SynchronizedRunListener.testFinished(SynchronizedRunListener.java:87)\n\tat org.junit.runner.notification.RunNotifier$9.notifyListener(RunNotifier.java:225)\n\tat org.junit.runner.notification.RunNotifier$SafeNotifier.run(RunNotifier.java:72)\n\tat org.junit.runner.notification.RunNotifier.fireTestFinished(RunNotifier.java:222)\n\tat io.cucumber.junit.FeatureRunner.runChild(FeatureRunner.java:150)\n\tat io.cucumber.junit.FeatureRunner.runChild(FeatureRunner.java:28)\n\tat org.junit.runners.ParentRunner$4.run(ParentRunner.java:331)\n\tat org.junit.runners.ParentRunner$1.schedule(ParentRunner.java:79)\n\tat org.junit.runners.ParentRunner.runChildren(ParentRunner.java:329)\n\tat org.junit.runners.ParentRunner.access$100(ParentRunner.java:66)\n\tat org.junit.runners.ParentRunner$2.evaluate(ParentRunner.java:293)\n\tat org.junit.runners.ParentRunner$3.evaluate(ParentRunner.java:306)\n\tat org.junit.runners.ParentRunner.run(ParentRunner.java:413)\n\tat io.cucumber.junit.FeatureRunner.run(FeatureRunner.java:137)\n\tat io.cucumber.junit.Cucumber.runChild(Cucumber.java:196)\n\tat io.cucumber.junit.Cucumber.runChild(Cucumber.java:89)\n\tat org.junit.runners.ParentRunner$4.run(ParentRunner.java:331)\n\tat org.junit.runners.ParentRunner$1.schedule(ParentRunner.java:79)\n\tat org.junit.runners.ParentRunner.runChildren(ParentRunner.java:329)\n\tat org.junit.runners.ParentRunner.access$100(ParentRunner.java:66)\n\tat org.junit.runners.ParentRunner$2.evaluate(ParentRunner.java:293)\n\tat io.cucumber.core.runtime.CucumberExecutionContext.lambda$runFeatures$6(CucumberExecutionContext.java:148)\n\tat io.cucumber.core.runtime.CucumberExecutionContext.execute(CucumberExecutionContext.java:163)\n\tat io.cucumber.core.runtime.CucumberExecutionContext.runFeatures(CucumberExecutionContext.java:146)\n\tat io.cucumber.junit.Cucumber$StartAndFinishTestRun.evaluate(Cucumber.java:226)\n\tat org.junit.runners.ParentRunner$3.evaluate(ParentRunner.java:306)\n\tat org.junit.runners.ParentRunner.run(ParentRunner.java:413)\n\tat org.junit.runner.JUnitCore.run(JUnitCore.java:137)\n\tat org.junit.runner.JUnitCore.run(JUnitCore.java:115)\n\tat org.junit.vintage.engine.execution.RunnerExecutor.execute(RunnerExecutor.java:42)\n\tat org.junit.vintage.engine.VintageTestEngine.executeAllChildren(VintageTestEngine.java:80)\n\tat org.junit.vintage.engine.VintageTestEngine.execute(VintageTestEngine.java:72)\n\tat org.junit.platform.launcher.core.EngineExecutionOrchestrator.execute(EngineExecutionOrchestrator.java:147)\n\tat org.junit.platform.launcher.core.EngineExecutionOrchestrator.execute(EngineExecutionOrchestrator.java:127)\n\tat org.junit.platform.launcher.core.EngineExecutionOrchestrator.execute(EngineExecutionOrchestrator.java:90)\n\tat org.junit.platform.launcher.core.EngineExecutionOrchestrator.lambda$execute$0(EngineExecutionOrchestrator.java:55)\n\tat org.junit.platform.launcher.core.EngineExecutionOrchestrator.withInterceptedStreams(EngineExecutionOrchestrator.java:102)\n\tat org.junit.platform.launcher.core.EngineExecutionOrchestrator.execute(EngineExecutionOrchestrator.java:54)\n\tat org.junit.platform.launcher.core.DefaultLauncher.execute(DefaultLauncher.java:114)\n\tat org.junit.platform.launcher.core.DefaultLauncher.execute(DefaultLauncher.java:86)\n\tat org.junit.platform.launcher.core.DefaultLauncherSession$DelegatingLauncher.execute(DefaultLauncherSession.java:86)\n\tat org.apache.maven.surefire.junitplatform.LazyLauncher.execute(LazyLauncher.java:56)\n\tat org.apache.maven.surefire.junitplatform.JUnitPlatformProvider.execute(JUnitPlatformProvider.java:184)\n\tat org.apache.maven.surefire.junitplatform.JUnitPlatformProvider.invokeAllTests(JUnitPlatformProvider.java:148)\n\tat org.apache.maven.surefire.junitplatform.JUnitPlatformProvider.invoke(JUnitPlatformProvider.java:122)\n\tat org.apache.maven.surefire.booter.ForkedBooter.runSuitesInProcess(ForkedBooter.java:385)\n\tat org.apache.maven.surefire.booter.ForkedBooter.execute(ForkedBooter.java:162)\n\tat org.apache.maven.surefire.booter.ForkedBooter.run(ForkedBooter.java:507)\n\tat org.apache.maven.surefire.booter.ForkedBooter.main(ForkedBooter.java:495)\n\tSuppressed: java.lang.IllegalStateException: The driver executable must exist: /Users/MAC918620/Documents/FD/Apar/AparTech/chromedriver.exe\n\t\tat org.openqa.selenium.internal.Require$FileStateChecker.isFile(Require.java:282)\n\t\tat org.openqa.selenium.remote.service.DriverService.checkExecutable(DriverService.java:154)\n\t\tat org.openqa.selenium.remote.service.DriverService.findExecutable(DriverService.java:149)\n\t\tat org.openqa.selenium.chrome.ChromeDriverService.access$000(ChromeDriverService.java:37)\n\t\tat org.openqa.selenium.chrome.ChromeDriverService$Builder.findDefaultExecutable(ChromeDriverService.java:222)\n\t\tat org.openqa.selenium.remote.service.DriverService$Builder.build(DriverService.java:405)\n\t\tat org.openqa.selenium.chrome.ChromeDriverService.createDefaultService(ChromeDriverService.java:119)\n\t\tat org.openqa.selenium.chrome.ChromeDriver.<init>(ChromeDriver.java:105)\n\t\tat resources.Base.browserInvocation(Base.java:34)\n\t\tat stepDefinitions.Hooks.BeforeSteps(Hooks.java:14)\n\tSuppressed: java.lang.NullPointerException\n\t\tat stepDefinitions.Hooks.AfterSteps(Hooks.java:21)\n"},"stage":"finished","description":"","steps":[],"attachments":[],"parameters":[],"start":1728498971603,"stop":1728498976909}